TN:
SF:tools\decodeOutput.js
FN:10,decodeOutput
FN:32,normalizeCommand
FNDA:6,decodeOutput
FNDA:10,normalizeCommand
FNF:2
FNH:2
BRDA:1,0,0,1
BRDA:10,1,0,6
BRDA:11,2,0,4
BRDA:11,3,0,3
BRDA:13,4,0,2
BRDA:16,5,0,1
BRDA:17,6,0,0
BRDA:20,7,0,2
BRDA:32,8,0,10
BRDA:33,9,0,7
BRDA:33,10,0,4
BRDA:33,11,0,6
BRDA:36,12,0,2
BRDA:36,13,0,4
BRDA:37,14,0,1
BRDA:37,15,0,3
BRDA:39,16,0,1
BRDA:39,17,0,2
BRF:18
BRH:17
DA:1,1
DA:2,1
DA:3,1
DA:4,1
DA:5,1
DA:6,1
DA:7,1
DA:8,1
DA:9,1
DA:10,6
DA:11,6
DA:12,3
DA:13,6
DA:14,2
DA:15,2
DA:16,2
DA:17,2
DA:18,0
DA:19,0
DA:20,2
DA:21,2
DA:22,6
DA:23,1
DA:24,1
DA:25,1
DA:26,1
DA:27,1
DA:28,1
DA:29,1
DA:30,1
DA:31,1
DA:32,10
DA:33,10
DA:34,6
DA:35,6
DA:36,10
DA:37,10
DA:38,3
DA:39,10
DA:40,2
DA:41,10
DA:42,1
DA:43,1
LH:41
LF:43
end_of_record
